# JRE version: OpenJDK Runtime Environment (11.0.13) (build 11.0.13+0-b1751.21-8125866)
# Java VM: OpenJDK 64-Bit Server VM (11.0.13+0-b1751.21-8125866, mixed mode, tiered, compressed oops, g1 gc, windows-amd64)
Heap:
 garbage-first heap   total 120832K, used 39172K [0x000000008a000000, 0x0000000100000000)
  region size 1024K, 19 young (19456K), 6 survivors (6144K)
 Metaspace       used 45964K, capacity 46484K, committed 46800K, reserved 1091584K
  class space    used 5324K, capacity 5539K, committed 5584K, reserved 1048576K
GC Heap History (10 events):
Event: 0.748 GC heap before
{Heap before GC invocations=0 (full 0):
 garbage-first heap   total 120832K, used 28672K [0x000000008a000000, 0x0000000100000000)
  region size 1024K, 24 young (24576K), 0 survivors (0K)
 Metaspace       used 12106K, capacity 12280K, committed 12544K, reserved 1060864K
  class space    used 1118K, capacity 1175K, committed 1280K, reserved 1048576K
}
Event: 0.751 GC heap after
{Heap after GC invocations=1 (full 0):
 garbage-first heap   total 120832K, used 6892K [0x000000008a000000, 0x0000000100000000)
  region size 1024K, 3 young (3072K), 3 survivors (3072K)
 Metaspace       used 12106K, capacity 12280K, committed 12544K, reserved 1060864K
  class space    used 1118K, capacity 1175K, committed 1280K, reserved 1048576K
}
Event: 1.718 GC heap before
{Heap before GC invocations=1 (full 0):
 garbage-first heap   total 120832K, used 45804K [0x000000008a000000, 0x0000000100000000)
  region size 1024K, 42 young (43008K), 3 survivors (3072K)
 Metaspace       used 21007K, capacity 21185K, committed 21248K, reserved 1069056K
  class space    used 2216K, capacity 2302K, committed 2304K, reserved 1048576K
}
Event: 1.738 GC heap after
{Heap after GC invocations=2 (full 0):
 garbage-first heap   total 120832K, used 10545K [0x000000008a000000, 0x0000000100000000)
  region size 1024K, 7 young (7168K), 7 survivors (7168K)
 Metaspace       used 21007K, capacity 21185K, committed 21248K, reserved 1069056K
  class space    used 2216K, capacity 2302K, committed 2304K, reserved 1048576K
}
Event: 3.346 GC heap before
{Heap before GC invocations=3 (full 0):
 garbage-first heap   total 120832K, used 67889K [0x000000008a000000, 0x0000000100000000)
  region size 1024K, 57 young (58368K), 7 survivors (7168K)
 Metaspace       used 32242K, capacity 32677K, committed 32892K, reserved 1077248K
  class space    used 3963K, capacity 4143K, committed 4220K, reserved 1048576K
}
Event: 3.376 GC heap after
{Heap after GC invocations=4 (full 0):
 garbage-first heap   total 120832K, used 23399K [0x000000008a000000, 0x0000000100000000)
  region size 1024K, 8 young (8192K), 8 survivors (8192K)
 Metaspace       used 32242K, capacity 32677K, committed 32892K, reserved 1077248K
  class space    used 3963K, capacity 4143K, committed 4220K, reserved 1048576K
}
Event: 3.627 GC heap before
{Heap before GC invocations=4 (full 0):
 garbage-first heap   total 120832K, used 35687K [0x000000008a000000, 0x0000000100000000)
  region size 1024K, 21 young (21504K), 8 survivors (8192K)
 Metaspace       used 35500K, capacity 35916K, committed 36048K, reserved 1081344K
  class space    used 4313K, capacity 4498K, committed 4560K, reserved 1048576K
}
Event: 3.645 GC heap after
{Heap after GC invocations=5 (full 0):
 garbage-first heap   total 120832K, used 25088K [0x000000008a000000, 0x0000000100000000)
  region size 1024K, 2 young (2048K), 2 survivors (2048K)
 Metaspace       used 35500K, capacity 35916K, committed 36048K, reserved 1081344K
  class space    used 4313K, capacity 4498K, committed 4560K, reserved 1048576K
}
Event: 4.520 GC heap before
{Heap before GC invocations=6 (full 0):
 garbage-first heap   total 120832K, used 66048K [0x000000008a000000, 0x0000000100000000)
  region size 1024K, 42 young (43008K), 2 survivors (2048K)
 Metaspace       used 43037K, capacity 43521K, committed 43728K, reserved 1087488K
  class space    used 5027K, capacity 5217K, committed 5328K, reserved 1048576K
}
Event: 4.532 GC heap after
{Heap after GC invocations=7 (full 0):
 garbage-first heap   total 120832K, used 26884K [0x000000008a000000, 0x0000000100000000)
  region size 1024K, 6 young (6144K), 6 survivors (6144K)
 Metaspace       used 43037K, capacity 43521K, committed 43728K, reserved 1087488K
  class space    used 5027K, capacity 5217K, committed 5328K, reserved 1048576K
}

