# JRE version: OpenJDK Runtime Environment (19.0.1+10) (build 19.0.1+10-21)
# Java VM: OpenJDK 64-Bit Server VM (19.0.1+10-21, mixed mode, sharing, tiered, compressed oops, compressed class ptrs, g1 gc, windows-amd64)
GC Precious Log:
 CardTable entry size: 512
 Card Set container configuration: InlinePtr #cards 5 size 8 Array Of Cards #cards 12 size 40 Howl #buckets 4 coarsen threshold 1843 Howl Bitmap #cards 512 size 80 coarsen threshold 460 Card regions per heap region 1 cards per card region 2048
 CPUs: 12 total, 12 available
 Memory: 7545M
 Large Page Support: Disabled
 NUMA Support: Disabled
 Compressed Oops: Enabled (32-bit)
 Heap Region Size: 1M
 Heap Min Capacity: 8M
 Heap Initial Capacity: 118M
 Heap Max Capacity: 1888M
 Pre-touch: Disabled
 Parallel Workers: 10
 Concurrent Workers: 3
 Concurrent Refinement Workers: 10
 Periodic GC: Disabled
Heap:
 garbage-first heap   total 106496K, used 50822K [0x000000008a000000, 0x0000000100000000)
  region size 1024K, 6 young (6144K), 6 survivors (6144K)
 Metaspace       used 49530K, committed 50304K, reserved 1114112K
  class space    used 5768K, committed 6208K, reserved 1048576K
GC Heap History (20 events):
Event: 0.865 GC heap after
{Heap after GC invocations=1 (full 0):
 garbage-first heap   total 120832K, used 7408K [0x000000008a000000, 0x0000000100000000)
  region size 1024K, 3 young (3072K), 3 survivors (3072K)
 Metaspace       used 6335K, committed 6400K, reserved 1114112K
  class space    used 590K, committed 640K, reserved 1048576K
}
Event: 1.774 GC heap before
{Heap before GC invocations=1 (full 0):
 garbage-first heap   total 120832K, used 40176K [0x000000008a000000, 0x0000000100000000)
  region size 1024K, 35 young (35840K), 3 survivors (3072K)
 Metaspace       used 13442K, committed 13696K, reserved 1114112K
  class space    used 1488K, committed 1600K, reserved 1048576K
}
Event: 1.789 GC heap after
{Heap after GC invocations=2 (full 0):
 garbage-first heap   total 120832K, used 11289K [0x000000008a000000, 0x0000000100000000)
  region size 1024K, 4 young (4096K), 4 survivors (4096K)
 Metaspace       used 13442K, committed 13696K, reserved 1114112K
  class space    used 1488K, committed 1600K, reserved 1048576K
}
Event: 2.540 GC heap before
{Heap before GC invocations=2 (full 0):
 garbage-first heap   total 120832K, used 43033K [0x000000008a000000, 0x0000000100000000)
  region size 1024K, 32 young (32768K), 4 survivors (4096K)
 Metaspace       used 21266K, committed 21504K, reserved 1114112K
  class space    used 2444K, committed 2560K, reserved 1048576K
}
Event: 2.550 GC heap after
{Heap after GC invocations=3 (full 0):
 garbage-first heap   total 120832K, used 17705K [0x000000008a000000, 0x0000000100000000)
  region size 1024K, 6 young (6144K), 6 survivors (6144K)
 Metaspace       used 21266K, committed 21504K, reserved 1114112K
  class space    used 2444K, committed 2560K, reserved 1048576K
}
Event: 3.476 GC heap before
{Heap before GC invocations=4 (full 0):
 garbage-first heap   total 65536K, used 52521K [0x000000008a000000, 0x0000000100000000)
  region size 1024K, 38 young (38912K), 6 survivors (6144K)
 Metaspace       used 26120K, committed 26432K, reserved 1114112K
  class space    used 3445K, committed 3584K, reserved 1048576K
}
Event: 3.504 GC heap after
{Heap after GC invocations=5 (full 0):
 garbage-first heap   total 65536K, used 25736K [0x000000008a000000, 0x0000000100000000)
  region size 1024K, 5 young (5120K), 5 survivors (5120K)
 Metaspace       used 26120K, committed 26432K, reserved 1114112K
  class space    used 3445K, committed 3584K, reserved 1048576K
}
Event: 3.530 GC heap before
{Heap before GC invocations=5 (full 0):
 garbage-first heap   total 65536K, used 26760K [0x000000008a000000, 0x0000000100000000)
  region size 1024K, 6 young (6144K), 5 survivors (5120K)
 Metaspace       used 26457K, committed 26752K, reserved 1114112K
  class space    used 3480K, committed 3584K, reserved 1048576K
}
Event: 3.540 GC heap after
{Heap after GC invocations=6 (full 0):
 garbage-first heap   total 65536K, used 27122K [0x000000008a000000, 0x0000000100000000)
  region size 1024K, 1 young (1024K), 1 survivors (1024K)
 Metaspace       used 26457K, committed 26752K, reserved 1114112K
  class space    used 3480K, committed 3584K, reserved 1048576K
}
Event: 3.978 GC heap before
{Heap before GC invocations=6 (full 0):
 garbage-first heap   total 65536K, used 46578K [0x000000008a000000, 0x0000000100000000)
  region size 1024K, 21 young (21504K), 1 survivors (1024K)
 Metaspace       used 30234K, committed 30464K, reserved 1114112K
  class space    used 3889K, committed 3968K, reserved 1048576K
}
Event: 3.984 GC heap after
{Heap after GC invocations=7 (full 0):
 garbage-first heap   total 128000K, used 27643K [0x000000008a000000, 0x0000000100000000)
  region size 1024K, 3 young (3072K), 3 survivors (3072K)
 Metaspace       used 30234K, committed 30464K, reserved 1114112K
  class space    used 3889K, committed 3968K, reserved 1048576K
}
Event: 4.622 GC heap before
{Heap before GC invocations=7 (full 0):
 garbage-first heap   total 128000K, used 56315K [0x000000008a000000, 0x0000000100000000)
  region size 1024K, 33 young (33792K), 3 survivors (3072K)
 Metaspace       used 35368K, committed 35968K, reserved 1114112K
  class space    used 4399K, committed 4736K, reserved 1048576K
}
Event: 4.631 GC heap after
{Heap after GC invocations=8 (full 0):
 garbage-first heap   total 128000K, used 30340K [0x000000008a000000, 0x0000000100000000)
  region size 1024K, 6 young (6144K), 6 survivors (6144K)
 Metaspace       used 35368K, committed 35968K, reserved 1114112K
  class space    used 4399K, committed 4736K, reserved 1048576K
}
Event: 5.920 GC heap before
{Heap before GC invocations=9 (full 0):
 garbage-first heap   total 106496K, used 88708K [0x000000008a000000, 0x0000000100000000)
  region size 1024K, 62 young (63488K), 6 survivors (6144K)
 Metaspace       used 42299K, committed 43072K, reserved 1114112K
  class space    used 5161K, committed 5568K, reserved 1048576K
}
Event: 5.939 GC heap after
{Heap after GC invocations=10 (full 0):
 garbage-first heap   total 106496K, used 35786K [0x000000008a000000, 0x0000000100000000)
  region size 1024K, 8 young (8192K), 8 survivors (8192K)
 Metaspace       used 42299K, committed 43072K, reserved 1114112K
  class space    used 5161K, committed 5568K, reserved 1048576K
}
Event: 5.964 GC heap before
{Heap before GC invocations=10 (full 0):
 garbage-first heap   total 106496K, used 36810K [0x000000008a000000, 0x0000000100000000)
  region size 1024K, 9 young (9216K), 8 survivors (8192K)
 Metaspace       used 42519K, committed 43328K, reserved 1114112K
  class space    used 5183K, committed 5568K, reserved 1048576K
}
Event: 5.978 GC heap after
{Heap after GC invocations=11 (full 0):
 garbage-first heap   total 106496K, used 35643K [0x000000008a000000, 0x0000000100000000)
  region size 1024K, 1 young (1024K), 1 survivors (1024K)
 Metaspace       used 42519K, committed 43328K, reserved 1114112K
  class space    used 5183K, committed 5568K, reserved 1048576K
}
Event: 7.208 GC heap before
{Heap before GC invocations=11 (full 0):
 garbage-first heap   total 106496K, used 78651K [0x000000008a000000, 0x0000000100000000)
  region size 1024K, 42 young (43008K), 1 survivors (1024K)
 Metaspace       used 46855K, committed 47616K, reserved 1114112K
  class space    used 5592K, committed 6016K, reserved 1048576K
}
Event: 7.224 GC heap after
{Heap after GC invocations=12 (full 0):
 garbage-first heap   total 106496K, used 44032K [0x000000008a000000, 0x0000000100000000)
  region size 1024K, 6 young (6144K), 6 survivors (6144K)
 Metaspace       used 46855K, committed 47616K, reserved 1114112K
  class space    used 5592K, committed 6016K, reserved 1048576K
}
Event: 8.710 GC heap before
{Heap before GC invocations=12 (full 0):
 garbage-first heap   total 106496K, used 79872K [0x000000008a000000, 0x0000000100000000)
  region size 1024K, 41 young (41984K), 6 survivors (6144K)
 Metaspace       used 49530K, committed 50304K, reserved 1114112K
  class space    used 5768K, committed 6208K, reserved 1048576K
}

