# JRE version: OpenJDK Runtime Environment (19.0.1+10) (build 19.0.1+10-21)
# Java VM: OpenJDK 64-Bit Server VM (19.0.1+10-21, mixed mode, sharing, tiered, compressed oops, compressed class ptrs, g1 gc, windows-amd64)
GC Precious Log:
 CardTable entry size: 512
 Card Set container configuration: InlinePtr #cards 5 size 8 Array Of Cards #cards 12 size 40 Howl #buckets 4 coarsen threshold 1843 Howl Bitmap #cards 512 size 80 coarsen threshold 460 Card regions per heap region 1 cards per card region 2048
 CPUs: 12 total, 12 available
 Memory: 7545M
 Large Page Support: Disabled
 NUMA Support: Disabled
 Compressed Oops: Enabled (32-bit)
 Heap Region Size: 1M
 Heap Min Capacity: 8M
 Heap Initial Capacity: 118M
 Heap Max Capacity: 1888M
 Pre-touch: Disabled
 Parallel Workers: 10
 Concurrent Workers: 3
 Concurrent Refinement Workers: 10
 Periodic GC: Disabled
Heap:
 garbage-first heap   total 131072K, used 49507K [0x000000008a000000, 0x0000000100000000)
  region size 1024K, 5 young (5120K), 5 survivors (5120K)
 Metaspace       used 52273K, committed 53120K, reserved 1114112K
  class space    used 6171K, committed 6592K, reserved 1048576K
GC Heap History (20 events):
Event: 1.163 GC heap after
{Heap after GC invocations=1 (full 0):
 garbage-first heap   total 120832K, used 7328K [0x000000008a000000, 0x0000000100000000)
  region size 1024K, 3 young (3072K), 3 survivors (3072K)
 Metaspace       used 6327K, committed 6400K, reserved 1114112K
  class space    used 588K, committed 640K, reserved 1048576K
}
Event: 2.341 GC heap before
{Heap before GC invocations=1 (full 0):
 garbage-first heap   total 120832K, used 40096K [0x000000008a000000, 0x0000000100000000)
  region size 1024K, 35 young (35840K), 3 survivors (3072K)
 Metaspace       used 14105K, committed 14336K, reserved 1114112K
  class space    used 1608K, committed 1728K, reserved 1048576K
}
Event: 2.356 GC heap after
{Heap after GC invocations=2 (full 0):
 garbage-first heap   total 120832K, used 11632K [0x000000008a000000, 0x0000000100000000)
  region size 1024K, 4 young (4096K), 4 survivors (4096K)
 Metaspace       used 14105K, committed 14336K, reserved 1114112K
  class space    used 1608K, committed 1728K, reserved 1048576K
}
Event: 3.144 GC heap before
{Heap before GC invocations=2 (full 0):
 garbage-first heap   total 120832K, used 43376K [0x000000008a000000, 0x0000000100000000)
  region size 1024K, 32 young (32768K), 4 survivors (4096K)
 Metaspace       used 21250K, committed 21504K, reserved 1114112K
  class space    used 2431K, committed 2560K, reserved 1048576K
}
Event: 3.155 GC heap after
{Heap after GC invocations=3 (full 0):
 garbage-first heap   total 120832K, used 17806K [0x000000008a000000, 0x0000000100000000)
  region size 1024K, 6 young (6144K), 6 survivors (6144K)
 Metaspace       used 21250K, committed 21504K, reserved 1114112K
  class space    used 2431K, committed 2560K, reserved 1048576K
}
Event: 4.031 GC heap before
{Heap before GC invocations=4 (full 0):
 garbage-first heap   total 65536K, used 52622K [0x000000008a000000, 0x0000000100000000)
  region size 1024K, 38 young (38912K), 6 survivors (6144K)
 Metaspace       used 26046K, committed 26304K, reserved 1114112K
  class space    used 3431K, committed 3520K, reserved 1048576K
}
Event: 4.056 GC heap after
{Heap after GC invocations=5 (full 0):
 garbage-first heap   total 65536K, used 25734K [0x000000008a000000, 0x0000000100000000)
  region size 1024K, 5 young (5120K), 5 survivors (5120K)
 Metaspace       used 26046K, committed 26304K, reserved 1114112K
  class space    used 3431K, committed 3520K, reserved 1048576K
}
Event: 4.081 GC heap before
{Heap before GC invocations=5 (full 0):
 garbage-first heap   total 65536K, used 26758K [0x000000008a000000, 0x0000000100000000)
  region size 1024K, 6 young (6144K), 5 survivors (5120K)
 Metaspace       used 26296K, committed 26560K, reserved 1114112K
  class space    used 3463K, committed 3584K, reserved 1048576K
}
Event: 4.092 GC heap after
{Heap after GC invocations=6 (full 0):
 garbage-first heap   total 65536K, used 27132K [0x000000008a000000, 0x0000000100000000)
  region size 1024K, 1 young (1024K), 1 survivors (1024K)
 Metaspace       used 26296K, committed 26560K, reserved 1114112K
  class space    used 3463K, committed 3584K, reserved 1048576K
}
Event: 4.637 GC heap before
{Heap before GC invocations=6 (full 0):
 garbage-first heap   total 65536K, used 46588K [0x000000008a000000, 0x0000000100000000)
  region size 1024K, 21 young (21504K), 1 survivors (1024K)
 Metaspace       used 30283K, committed 30592K, reserved 1114112K
  class space    used 3892K, committed 4032K, reserved 1048576K
}
Event: 4.644 GC heap after
{Heap after GC invocations=7 (full 0):
 garbage-first heap   total 131072K, used 26719K [0x000000008a000000, 0x0000000100000000)
  region size 1024K, 3 young (3072K), 3 survivors (3072K)
 Metaspace       used 30283K, committed 30592K, reserved 1114112K
  class space    used 3892K, committed 4032K, reserved 1048576K
}
Event: 5.456 GC heap before
{Heap before GC invocations=7 (full 0):
 garbage-first heap   total 131072K, used 55391K [0x000000008a000000, 0x0000000100000000)
  region size 1024K, 33 young (33792K), 3 survivors (3072K)
 Metaspace       used 35490K, committed 36096K, reserved 1114112K
  class space    used 4406K, committed 4736K, reserved 1048576K
}
Event: 5.465 GC heap after
{Heap after GC invocations=8 (full 0):
 garbage-first heap   total 131072K, used 30490K [0x000000008a000000, 0x0000000100000000)
  region size 1024K, 7 young (7168K), 7 survivors (7168K)
 Metaspace       used 35490K, committed 36096K, reserved 1114112K
  class space    used 4406K, committed 4736K, reserved 1048576K
}
Event: 6.844 GC heap before
{Heap before GC invocations=9 (full 0):
 garbage-first heap   total 109568K, used 91930K [0x000000008a000000, 0x0000000100000000)
  region size 1024K, 64 young (65536K), 7 survivors (7168K)
 Metaspace       used 42496K, committed 43328K, reserved 1114112K
  class space    used 5185K, committed 5632K, reserved 1048576K
}
Event: 6.867 GC heap after
{Heap after GC invocations=10 (full 0):
 garbage-first heap   total 109568K, used 39555K [0x000000008a000000, 0x0000000100000000)
  region size 1024K, 8 young (8192K), 8 survivors (8192K)
 Metaspace       used 42496K, committed 43328K, reserved 1114112K
  class space    used 5185K, committed 5632K, reserved 1048576K
}
Event: 6.869 GC heap before
{Heap before GC invocations=10 (full 0):
 garbage-first heap   total 109568K, used 40579K [0x000000008a000000, 0x0000000100000000)
  region size 1024K, 9 young (9216K), 8 survivors (8192K)
 Metaspace       used 42496K, committed 43328K, reserved 1114112K
  class space    used 5185K, committed 5632K, reserved 1048576K
}
Event: 6.881 GC heap after
{Heap after GC invocations=11 (full 0):
 garbage-first heap   total 109568K, used 40702K [0x000000008a000000, 0x0000000100000000)
  region size 1024K, 1 young (1024K), 1 survivors (1024K)
 Metaspace       used 42496K, committed 43328K, reserved 1114112K
  class space    used 5185K, committed 5632K, reserved 1048576K
}
Event: 7.680 GC heap before
{Heap before GC invocations=11 (full 0):
 garbage-first heap   total 109568K, used 78590K [0x000000008a000000, 0x0000000100000000)
  region size 1024K, 39 young (39936K), 1 survivors (1024K)
 Metaspace       used 46627K, committed 47424K, reserved 1114112K
  class space    used 5610K, committed 6016K, reserved 1048576K
}
Event: 7.691 GC heap after
{Heap after GC invocations=12 (full 0):
 garbage-first heap   total 109568K, used 44561K [0x000000008a000000, 0x0000000100000000)
  region size 1024K, 5 young (5120K), 5 survivors (5120K)
 Metaspace       used 46627K, committed 47424K, reserved 1114112K
  class space    used 5610K, committed 6016K, reserved 1048576K
}
Event: 9.591 GC heap before
{Heap before GC invocations=12 (full 0):
 garbage-first heap   total 109568K, used 81425K [0x000000008a000000, 0x0000000100000000)
  region size 1024K, 41 young (41984K), 5 survivors (5120K)
 Metaspace       used 52273K, committed 53120K, reserved 1114112K
  class space    used 6171K, committed 6592K, reserved 1048576K
}

