# JRE version: OpenJDK Runtime Environment (19.0.1+10) (build 19.0.1+10-21)
# Java VM: OpenJDK 64-Bit Server VM (19.0.1+10-21, mixed mode, sharing, tiered, compressed oops, compressed class ptrs, g1 gc, windows-amd64)
GC Precious Log:
 CardTable entry size: 512
 Card Set container configuration: InlinePtr #cards 5 size 8 Array Of Cards #cards 12 size 40 Howl #buckets 4 coarsen threshold 1843 Howl Bitmap #cards 512 size 80 coarsen threshold 460 Card regions per heap region 1 cards per card region 2048
 CPUs: 12 total, 12 available
 Memory: 7545M
 Large Page Support: Disabled
 NUMA Support: Disabled
 Compressed Oops: Enabled (32-bit)
 Heap Region Size: 1M
 Heap Min Capacity: 8M
 Heap Initial Capacity: 118M
 Heap Max Capacity: 1888M
 Pre-touch: Disabled
 Parallel Workers: 10
 Concurrent Workers: 3
 Concurrent Refinement Workers: 10
 Periodic GC: Disabled
Heap:
 garbage-first heap   total 162816K, used 35983K [0x000000008a000000, 0x0000000100000000)
  region size 1024K, 4 young (4096K), 2 survivors (2048K)
 Metaspace       used 42360K, committed 43200K, reserved 1114112K
  class space    used 5155K, committed 5568K, reserved 1048576K
GC Heap History (20 events):
Event: 0.916 GC heap before
{Heap before GC invocations=0 (full 0):
 garbage-first heap   total 120832K, used 27648K [0x000000008a000000, 0x0000000100000000)
  region size 1024K, 23 young (23552K), 0 survivors (0K)
 Metaspace       used 6326K, committed 6400K, reserved 1114112K
  class space    used 588K, committed 640K, reserved 1048576K
}
Event: 0.929 GC heap after
{Heap after GC invocations=1 (full 0):
 garbage-first heap   total 120832K, used 7333K [0x000000008a000000, 0x0000000100000000)
  region size 1024K, 3 young (3072K), 3 survivors (3072K)
 Metaspace       used 6326K, committed 6400K, reserved 1114112K
  class space    used 588K, committed 640K, reserved 1048576K
}
Event: 2.092 GC heap before
{Heap before GC invocations=1 (full 0):
 garbage-first heap   total 120832K, used 40101K [0x000000008a000000, 0x0000000100000000)
  region size 1024K, 35 young (35840K), 3 survivors (3072K)
 Metaspace       used 13493K, committed 13696K, reserved 1114112K
  class space    used 1486K, committed 1536K, reserved 1048576K
}
Event: 2.106 GC heap after
{Heap after GC invocations=2 (full 0):
 garbage-first heap   total 120832K, used 11121K [0x000000008a000000, 0x0000000100000000)
  region size 1024K, 4 young (4096K), 4 survivors (4096K)
 Metaspace       used 13493K, committed 13696K, reserved 1114112K
  class space    used 1486K, committed 1536K, reserved 1048576K
}
Event: 3.024 GC heap before
{Heap before GC invocations=2 (full 0):
 garbage-first heap   total 120832K, used 41841K [0x000000008a000000, 0x0000000100000000)
  region size 1024K, 31 young (31744K), 4 survivors (4096K)
 Metaspace       used 21247K, committed 21504K, reserved 1114112K
  class space    used 2439K, committed 2560K, reserved 1048576K
}
Event: 3.035 GC heap after
{Heap after GC invocations=3 (full 0):
 garbage-first heap   total 120832K, used 17537K [0x000000008a000000, 0x0000000100000000)
  region size 1024K, 6 young (6144K), 6 survivors (6144K)
 Metaspace       used 21247K, committed 21504K, reserved 1114112K
  class space    used 2439K, committed 2560K, reserved 1048576K
}
Event: 3.955 GC heap before
{Heap before GC invocations=4 (full 0):
 garbage-first heap   total 65536K, used 52353K [0x000000008a000000, 0x0000000100000000)
  region size 1024K, 38 young (38912K), 6 survivors (6144K)
 Metaspace       used 26107K, committed 26432K, reserved 1114112K
  class space    used 3442K, committed 3584K, reserved 1048576K
}
Event: 3.977 GC heap after
{Heap after GC invocations=5 (full 0):
 garbage-first heap   total 65536K, used 25421K [0x000000008a000000, 0x0000000100000000)
  region size 1024K, 5 young (5120K), 5 survivors (5120K)
 Metaspace       used 26107K, committed 26432K, reserved 1114112K
  class space    used 3442K, committed 3584K, reserved 1048576K
}
Event: 3.993 GC heap before
{Heap before GC invocations=5 (full 0):
 garbage-first heap   total 65536K, used 26445K [0x000000008a000000, 0x0000000100000000)
  region size 1024K, 6 young (6144K), 5 survivors (5120K)
 Metaspace       used 26364K, committed 26624K, reserved 1114112K
  class space    used 3473K, committed 3584K, reserved 1048576K
}
Event: 3.999 GC heap after
{Heap after GC invocations=6 (full 0):
 garbage-first heap   total 78848K, used 27124K [0x000000008a000000, 0x0000000100000000)
  region size 1024K, 1 young (1024K), 1 survivors (1024K)
 Metaspace       used 26364K, committed 26624K, reserved 1114112K
  class space    used 3473K, committed 3584K, reserved 1048576K
}
Event: 4.560 GC heap before
{Heap before GC invocations=6 (full 0):
 garbage-first heap   total 78848K, used 54772K [0x000000008a000000, 0x0000000100000000)
  region size 1024K, 29 young (29696K), 1 survivors (1024K)
 Metaspace       used 31780K, committed 32064K, reserved 1114112K
  class space    used 4003K, committed 4096K, reserved 1048576K
}
Event: 4.567 GC heap after
{Heap after GC invocations=7 (full 0):
 garbage-first heap   total 78848K, used 27937K [0x000000008a000000, 0x0000000100000000)
  region size 1024K, 4 young (4096K), 4 survivors (4096K)
 Metaspace       used 31780K, committed 32064K, reserved 1114112K
  class space    used 4003K, committed 4096K, reserved 1048576K
}
Event: 5.174 GC heap before
{Heap before GC invocations=7 (full 0):
 garbage-first heap   total 78848K, used 49441K [0x000000008a000000, 0x0000000100000000)
  region size 1024K, 27 young (27648K), 4 survivors (4096K)
 Metaspace       used 35469K, committed 36096K, reserved 1114112K
  class space    used 4414K, committed 4736K, reserved 1048576K
}
Event: 5.185 GC heap after
{Heap after GC invocations=8 (full 0):
 garbage-first heap   total 78848K, used 30129K [0x000000008a000000, 0x0000000100000000)
  region size 1024K, 3 young (3072K), 3 survivors (3072K)
 Metaspace       used 35469K, committed 36096K, reserved 1114112K
  class space    used 4414K, committed 4736K, reserved 1048576K
}
Event: 6.349 GC heap before
{Heap before GC invocations=9 (full 0):
 garbage-first heap   total 78848K, used 57777K [0x000000008a000000, 0x0000000100000000)
  region size 1024K, 30 young (30720K), 3 survivors (3072K)
 Metaspace       used 41143K, committed 41920K, reserved 1114112K
  class space    used 5057K, committed 5440K, reserved 1048576K
}
Event: 6.361 GC heap after
{Heap after GC invocations=10 (full 0):
 garbage-first heap   total 78848K, used 33356K [0x000000008a000000, 0x0000000100000000)
  region size 1024K, 4 young (4096K), 4 survivors (4096K)
 Metaspace       used 41143K, committed 41920K, reserved 1114112K
  class space    used 5057K, committed 5440K, reserved 1048576K
}
Event: 6.392 GC heap before
{Heap before GC invocations=10 (full 0):
 garbage-first heap   total 78848K, used 34380K [0x000000008a000000, 0x0000000100000000)
  region size 1024K, 5 young (5120K), 4 survivors (4096K)
 Metaspace       used 41249K, committed 42048K, reserved 1114112K
  class space    used 5069K, committed 5504K, reserved 1048576K
}
Event: 6.402 GC heap after
{Heap after GC invocations=11 (full 0):
 garbage-first heap   total 78848K, used 33974K [0x000000008a000000, 0x0000000100000000)
  region size 1024K, 1 young (1024K), 1 survivors (1024K)
 Metaspace       used 41249K, committed 42048K, reserved 1114112K
  class space    used 5069K, committed 5504K, reserved 1048576K
}
Event: 6.640 GC heap before
{Heap before GC invocations=11 (full 0):
 garbage-first heap   total 78848K, used 59574K [0x000000008a000000, 0x0000000100000000)
  region size 1024K, 26 young (26624K), 1 survivors (1024K)
 Metaspace       used 42006K, committed 42752K, reserved 1114112K
  class space    used 5117K, committed 5504K, reserved 1048576K
}
Event: 6.645 GC heap after
{Heap after GC invocations=12 (full 0):
 garbage-first heap   total 162816K, used 34959K [0x000000008a000000, 0x0000000100000000)
  region size 1024K, 2 young (2048K), 2 survivors (2048K)
 Metaspace       used 42006K, committed 42752K, reserved 1114112K
  class space    used 5117K, committed 5504K, reserved 1048576K
}

