# JRE version: OpenJDK Runtime Environment (19.0.1+10) (build 19.0.1+10-21)
# Java VM: OpenJDK 64-Bit Server VM (19.0.1+10-21, mixed mode, sharing, tiered, compressed oops, compressed class ptrs, g1 gc, windows-amd64)
GC Precious Log:
 CardTable entry size: 512
 Card Set container configuration: InlinePtr #cards 5 size 8 Array Of Cards #cards 12 size 40 Howl #buckets 4 coarsen threshold 1843 Howl Bitmap #cards 512 size 80 coarsen threshold 460 Card regions per heap region 1 cards per card region 2048
 CPUs: 12 total, 12 available
 Memory: 7545M
 Large Page Support: Disabled
 NUMA Support: Disabled
 Compressed Oops: Enabled (32-bit)
 Heap Region Size: 1M
 Heap Min Capacity: 8M
 Heap Initial Capacity: 118M
 Heap Max Capacity: 1888M
 Pre-touch: Disabled
 Parallel Workers: 10
 Concurrent Workers: 3
 Concurrent Refinement Workers: 10
 Periodic GC: Disabled
Heap:
 garbage-first heap   total 120832K, used 39722K [0x000000008a000000, 0x0000000100000000)
  region size 1024K, 3 young (3072K), 3 survivors (3072K)
 Metaspace       used 42405K, committed 43264K, reserved 1114112K
  class space    used 5182K, committed 5632K, reserved 1048576K
GC Heap History (19 events):
Event: 0.794 GC heap before
{Heap before GC invocations=0 (full 0):
 garbage-first heap   total 120832K, used 27648K [0x000000008a000000, 0x0000000100000000)
  region size 1024K, 23 young (23552K), 0 survivors (0K)
 Metaspace       used 6328K, committed 6400K, reserved 1114112K
  class space    used 588K, committed 640K, reserved 1048576K
}
Event: 0.802 GC heap after
{Heap after GC invocations=1 (full 0):
 garbage-first heap   total 120832K, used 7328K [0x000000008a000000, 0x0000000100000000)
  region size 1024K, 3 young (3072K), 3 survivors (3072K)
 Metaspace       used 6328K, committed 6400K, reserved 1114112K
  class space    used 588K, committed 640K, reserved 1048576K
}
Event: 1.779 GC heap before
{Heap before GC invocations=1 (full 0):
 garbage-first heap   total 120832K, used 40096K [0x000000008a000000, 0x0000000100000000)
  region size 1024K, 35 young (35840K), 3 survivors (3072K)
 Metaspace       used 14119K, committed 14336K, reserved 1114112K
  class space    used 1607K, committed 1728K, reserved 1048576K
}
Event: 1.795 GC heap after
{Heap after GC invocations=2 (full 0):
 garbage-first heap   total 120832K, used 11366K [0x000000008a000000, 0x0000000100000000)
  region size 1024K, 4 young (4096K), 4 survivors (4096K)
 Metaspace       used 14119K, committed 14336K, reserved 1114112K
  class space    used 1607K, committed 1728K, reserved 1048576K
}
Event: 2.530 GC heap before
{Heap before GC invocations=2 (full 0):
 garbage-first heap   total 120832K, used 42086K [0x000000008a000000, 0x0000000100000000)
  region size 1024K, 31 young (31744K), 4 survivors (4096K)
 Metaspace       used 21233K, committed 21504K, reserved 1114112K
  class space    used 2427K, committed 2560K, reserved 1048576K
}
Event: 2.541 GC heap after
{Heap after GC invocations=3 (full 0):
 garbage-first heap   total 120832K, used 17781K [0x000000008a000000, 0x0000000100000000)
  region size 1024K, 6 young (6144K), 6 survivors (6144K)
 Metaspace       used 21233K, committed 21504K, reserved 1114112K
  class space    used 2427K, committed 2560K, reserved 1048576K
}
Event: 3.414 GC heap before
{Heap before GC invocations=4 (full 0):
 garbage-first heap   total 65536K, used 52597K [0x000000008a000000, 0x0000000100000000)
  region size 1024K, 38 young (38912K), 6 survivors (6144K)
 Metaspace       used 26189K, committed 26496K, reserved 1114112K
  class space    used 3455K, committed 3584K, reserved 1048576K
}
Event: 3.438 GC heap after
{Heap after GC invocations=5 (full 0):
 garbage-first heap   total 65536K, used 25708K [0x000000008a000000, 0x0000000100000000)
  region size 1024K, 5 young (5120K), 5 survivors (5120K)
 Metaspace       used 26189K, committed 26496K, reserved 1114112K
  class space    used 3455K, committed 3584K, reserved 1048576K
}
Event: 3.457 GC heap before
{Heap before GC invocations=5 (full 0):
 garbage-first heap   total 65536K, used 26732K [0x000000008a000000, 0x0000000100000000)
  region size 1024K, 6 young (6144K), 5 survivors (5120K)
 Metaspace       used 26433K, committed 26688K, reserved 1114112K
  class space    used 3476K, committed 3584K, reserved 1048576K
}
Event: 3.467 GC heap after
{Heap after GC invocations=6 (full 0):
 garbage-first heap   total 78848K, used 27186K [0x000000008a000000, 0x0000000100000000)
  region size 1024K, 1 young (1024K), 1 survivors (1024K)
 Metaspace       used 26433K, committed 26688K, reserved 1114112K
  class space    used 3476K, committed 3584K, reserved 1048576K
}
Event: 4.108 GC heap before
{Heap before GC invocations=6 (full 0):
 garbage-first heap   total 78848K, used 54834K [0x000000008a000000, 0x0000000100000000)
  region size 1024K, 29 young (29696K), 1 survivors (1024K)
 Metaspace       used 31977K, committed 32320K, reserved 1114112K
  class space    used 4034K, committed 4224K, reserved 1048576K
}
Event: 4.116 GC heap after
{Heap after GC invocations=7 (full 0):
 garbage-first heap   total 78848K, used 27837K [0x000000008a000000, 0x0000000100000000)
  region size 1024K, 4 young (4096K), 4 survivors (4096K)
 Metaspace       used 31977K, committed 32320K, reserved 1114112K
  class space    used 4034K, committed 4224K, reserved 1048576K
}
Event: 4.553 GC heap before
{Heap before GC invocations=7 (full 0):
 garbage-first heap   total 78848K, used 49341K [0x000000008a000000, 0x0000000100000000)
  region size 1024K, 27 young (27648K), 4 survivors (4096K)
 Metaspace       used 35543K, committed 36096K, reserved 1114112K
  class space    used 4411K, committed 4736K, reserved 1048576K
}
Event: 4.563 GC heap after
{Heap after GC invocations=8 (full 0):
 garbage-first heap   total 78848K, used 29830K [0x000000008a000000, 0x0000000100000000)
  region size 1024K, 2 young (2048K), 2 survivors (2048K)
 Metaspace       used 35543K, committed 36096K, reserved 1114112K
  class space    used 4411K, committed 4736K, reserved 1048576K
}
Event: 5.518 GC heap before
{Heap before GC invocations=9 (full 0):
 garbage-first heap   total 78848K, used 60550K [0x000000008a000000, 0x0000000100000000)
  region size 1024K, 30 young (30720K), 2 survivors (2048K)
 Metaspace       used 41098K, committed 41920K, reserved 1114112K
  class space    used 5039K, committed 5440K, reserved 1048576K
}
Event: 5.530 GC heap after
{Heap after GC invocations=10 (full 0):
 garbage-first heap   total 78848K, used 35840K [0x000000008a000000, 0x0000000100000000)
  region size 1024K, 4 young (4096K), 4 survivors (4096K)
 Metaspace       used 41098K, committed 41920K, reserved 1114112K
  class space    used 5039K, committed 5440K, reserved 1048576K
}
Event: 5.547 GC heap before
{Heap before GC invocations=10 (full 0):
 garbage-first heap   total 78848K, used 36864K [0x000000008a000000, 0x0000000100000000)
  region size 1024K, 5 young (5120K), 4 survivors (4096K)
 Metaspace       used 41127K, committed 41920K, reserved 1114112K
  class space    used 5039K, committed 5440K, reserved 1048576K
}
Event: 5.557 GC heap after
{Heap after GC invocations=11 (full 0):
 garbage-first heap   total 78848K, used 36363K [0x000000008a000000, 0x0000000100000000)
  region size 1024K, 1 young (1024K), 1 survivors (1024K)
 Metaspace       used 41127K, committed 41920K, reserved 1114112K
  class space    used 5039K, committed 5440K, reserved 1048576K
}
Event: 5.877 GC heap before
{Heap before GC invocations=11 (full 0):
 garbage-first heap   total 78848K, used 49675K [0x000000008a000000, 0x0000000100000000)
  region size 1024K, 15 young (15360K), 1 survivors (1024K)
 Metaspace       used 42405K, committed 43264K, reserved 1114112K
  class space    used 5182K, committed 5632K, reserved 1048576K
}

