# JRE version: OpenJDK Runtime Environment (19.0.1+10) (build 19.0.1+10-21)
# Java VM: OpenJDK 64-Bit Server VM (19.0.1+10-21, mixed mode, sharing, tiered, compressed oops, compressed class ptrs, g1 gc, windows-amd64)
GC Precious Log:
 CardTable entry size: 512
 Card Set container configuration: InlinePtr #cards 5 size 8 Array Of Cards #cards 12 size 40 Howl #buckets 4 coarsen threshold 1843 Howl Bitmap #cards 512 size 80 coarsen threshold 460 Card regions per heap region 1 cards per card region 2048
 CPUs: 12 total, 12 available
 Memory: 7545M
 Large Page Support: Disabled
 NUMA Support: Disabled
 Compressed Oops: Enabled (32-bit)
 Heap Region Size: 1M
 Heap Min Capacity: 8M
 Heap Initial Capacity: 118M
 Heap Max Capacity: 2G
 Pre-touch: Disabled
 Parallel Workers: 10
 Concurrent Workers: 3
 Concurrent Refinement Workers: 10
 Periodic GC: Disabled
Heap:
 garbage-first heap   total 245760K, used 160399K [0x0000000080000000, 0x0000000100000000)
  region size 1024K, 8 young (8192K), 8 survivors (8192K)
 Metaspace       used 102406K, committed 104448K, reserved 1179648K
  class space    used 13730K, committed 14784K, reserved 1048576K
GC Heap History (20 events):
Event: 26.974 GC heap after
{Heap after GC invocations=34 (full 0):
 garbage-first heap   total 223232K, used 107369K [0x0000000080000000, 0x0000000100000000)
  region size 1024K, 6 young (6144K), 6 survivors (6144K)
 Metaspace       used 84630K, committed 86592K, reserved 1179648K
  class space    used 11406K, committed 12416K, reserved 1048576K
}
Event: 27.903 GC heap before
{Heap before GC invocations=34 (full 0):
 garbage-first heap   total 223232K, used 174953K [0x0000000080000000, 0x0000000100000000)
  region size 1024K, 73 young (74752K), 6 survivors (6144K)
 Metaspace       used 85210K, committed 87168K, reserved 1179648K
  class space    used 11456K, committed 12480K, reserved 1048576K
}
Event: 27.910 GC heap after
{Heap after GC invocations=35 (full 0):
 garbage-first heap   total 223232K, used 111087K [0x0000000080000000, 0x0000000100000000)
  region size 1024K, 10 young (10240K), 10 survivors (10240K)
 Metaspace       used 85210K, committed 87168K, reserved 1179648K
  class space    used 11456K, committed 12480K, reserved 1048576K
}
Event: 30.461 GC heap before
{Heap before GC invocations=35 (full 0):
 garbage-first heap   total 223232K, used 177647K [0x0000000080000000, 0x0000000100000000)
  region size 1024K, 76 young (77824K), 10 survivors (10240K)
 Metaspace       used 87561K, committed 89536K, reserved 1179648K
  class space    used 11761K, committed 12800K, reserved 1048576K
}
Event: 30.469 GC heap after
{Heap after GC invocations=36 (full 0):
 garbage-first heap   total 223232K, used 115566K [0x0000000080000000, 0x0000000100000000)
  region size 1024K, 10 young (10240K), 10 survivors (10240K)
 Metaspace       used 87561K, committed 89536K, reserved 1179648K
  class space    used 11761K, committed 12800K, reserved 1048576K
}
Event: 35.522 GC heap before
{Heap before GC invocations=36 (full 0):
 garbage-first heap   total 223232K, used 181102K [0x0000000080000000, 0x0000000100000000)
  region size 1024K, 74 young (75776K), 10 survivors (10240K)
 Metaspace       used 92839K, committed 94848K, reserved 1179648K
  class space    used 12385K, committed 13440K, reserved 1048576K
}
Event: 35.532 GC heap after
{Heap after GC invocations=37 (full 0):
 garbage-first heap   total 223232K, used 120318K [0x0000000080000000, 0x0000000100000000)
  region size 1024K, 10 young (10240K), 10 survivors (10240K)
 Metaspace       used 92839K, committed 94848K, reserved 1179648K
  class space    used 12385K, committed 13440K, reserved 1048576K
}
Event: 36.327 GC heap before
{Heap before GC invocations=37 (full 0):
 garbage-first heap   total 223232K, used 180734K [0x0000000080000000, 0x0000000100000000)
  region size 1024K, 70 young (71680K), 10 survivors (10240K)
 Metaspace       used 93738K, committed 95744K, reserved 1179648K
  class space    used 12517K, committed 13568K, reserved 1048576K
}
Event: 36.339 GC heap after
{Heap after GC invocations=38 (full 0):
 garbage-first heap   total 223232K, used 123751K [0x0000000080000000, 0x0000000100000000)
  region size 1024K, 9 young (9216K), 9 survivors (9216K)
 Metaspace       used 93738K, committed 95744K, reserved 1179648K
  class space    used 12517K, committed 13568K, reserved 1048576K
}
Event: 36.806 GC heap before
{Heap before GC invocations=38 (full 0):
 garbage-first heap   total 223232K, used 185191K [0x0000000080000000, 0x0000000100000000)
  region size 1024K, 68 young (69632K), 9 survivors (9216K)
 Metaspace       used 94548K, committed 96576K, reserved 1179648K
  class space    used 12629K, committed 13696K, reserved 1048576K
}
Event: 36.818 GC heap after
{Heap after GC invocations=39 (full 0):
 garbage-first heap   total 223232K, used 131042K [0x0000000080000000, 0x0000000100000000)
  region size 1024K, 9 young (9216K), 9 survivors (9216K)
 Metaspace       used 94548K, committed 96576K, reserved 1179648K
  class space    used 12629K, committed 13696K, reserved 1048576K
}
Event: 37.358 GC heap before
{Heap before GC invocations=39 (full 0):
 garbage-first heap   total 223232K, used 183266K [0x0000000080000000, 0x0000000100000000)
  region size 1024K, 62 young (63488K), 9 survivors (9216K)
 Metaspace       used 95804K, committed 97728K, reserved 1179648K
  class space    used 12788K, committed 13824K, reserved 1048576K
}
Event: 37.372 GC heap after
{Heap after GC invocations=40 (full 0):
 garbage-first heap   total 223232K, used 139525K [0x0000000080000000, 0x0000000100000000)
  region size 1024K, 8 young (8192K), 8 survivors (8192K)
 Metaspace       used 95804K, committed 97728K, reserved 1179648K
  class space    used 12788K, committed 13824K, reserved 1048576K
}
Event: 38.221 GC heap before
{Heap before GC invocations=41 (full 0):
 garbage-first heap   total 245760K, used 181509K [0x0000000080000000, 0x0000000100000000)
  region size 1024K, 51 young (52224K), 8 survivors (8192K)
 Metaspace       used 97652K, committed 99712K, reserved 1179648K
  class space    used 13009K, committed 14080K, reserved 1048576K
}
Event: 38.233 GC heap after
{Heap after GC invocations=42 (full 0):
 garbage-first heap   total 245760K, used 144799K [0x0000000080000000, 0x0000000100000000)
  region size 1024K, 7 young (7168K), 7 survivors (7168K)
 Metaspace       used 97652K, committed 99712K, reserved 1179648K
  class space    used 13009K, committed 14080K, reserved 1048576K
}
Event: 38.254 GC heap before
{Heap before GC invocations=42 (full 0):
 garbage-first heap   total 245760K, used 149919K [0x0000000080000000, 0x0000000100000000)
  region size 1024K, 12 young (12288K), 7 survivors (7168K)
 Metaspace       used 97680K, committed 99712K, reserved 1179648K
  class space    used 13011K, committed 14080K, reserved 1048576K
}
Event: 38.262 GC heap after
{Heap after GC invocations=43 (full 0):
 garbage-first heap   total 245760K, used 144941K [0x0000000080000000, 0x0000000100000000)
  region size 1024K, 2 young (2048K), 2 survivors (2048K)
 Metaspace       used 97680K, committed 99712K, reserved 1179648K
  class space    used 13011K, committed 14080K, reserved 1048576K
}
Event: 39.078 GC heap before
{Heap before GC invocations=43 (full 0):
 garbage-first heap   total 245760K, used 202285K [0x0000000080000000, 0x0000000100000000)
  region size 1024K, 58 young (59392K), 2 survivors (2048K)
 Metaspace       used 100411K, committed 102464K, reserved 1179648K
  class space    used 13405K, committed 14464K, reserved 1048576K
}
Event: 39.112 GC heap after
{Heap after GC invocations=44 (full 0):
 garbage-first heap   total 245760K, used 152729K [0x0000000080000000, 0x0000000100000000)
  region size 1024K, 8 young (8192K), 8 survivors (8192K)
 Metaspace       used 100411K, committed 102464K, reserved 1179648K
  class space    used 13405K, committed 14464K, reserved 1048576K
}
Event: 39.704 GC heap before
{Heap before GC invocations=44 (full 0):
 garbage-first heap   total 245760K, used 202905K [0x0000000080000000, 0x0000000100000000)
  region size 1024K, 57 young (58368K), 8 survivors (8192K)
 Metaspace       used 102406K, committed 104448K, reserved 1179648K
  class space    used 13730K, committed 14784K, reserved 1048576K
}

